2020-12-16T17:34:58.285073+0200 parsing page1 of 1... INFO
2020-12-16T17:34:59.323223+0200 we get 2 laptops INFO
%(asctime)s;%(levelname)s;%(message)s
%(asctime)s;%(levelname)s;%(message)s
2020-12-16T17:40:56.526651+0200 parsing page1 of 1...
2020-12-16T17:40:58.376860+0200 we get 2 laptops
2020-12-16T17:42:25.142678+0200 parsing page1 of 1...
2020-12-16T17:42:27.319246+0200 we get 2 laptops
2020-12-16T17:43:20.288157+0200 parsing page1 of 1... INFO
2020-12-16T17:43:21.843601+0200 we get 2 laptops apple INFO
2020-12-16T17:58:31.826950+0200 parsing page 1 of 1... INFO
2020-12-16T17:58:48.791269+0200 parsing page 1 of 1... INFO
2020-12-16T17:59:13.920560+0200 parsing page 1 of 1... INFO
2020-12-16T17:59:15.028221+0200 we get 2 laptops apple INFO
2020-12-16T18:03:13.916630+0200 parsing page 1 of 1... INFO
2020-12-16T18:19:22.425510+0200 parsing page 1 of 1... INFO
2020-12-16T19:02:57.647805+0200 parsing page 1 of 1... INFO
2020-12-16T19:02:59.119393+0200 we get 2 laptops apple INFO
2020-12-16T19:08:01.673884+0200 parsing page 1 of 1... INFO
2020-12-16T19:08:02.518491+0200 we get 2 laptops apple INFO
2020-12-16T19:13:00.224675+0200 parsing page 1 of 1... INFO
2020-12-16T19:13:01.022504+0200 we get 2 laptops apple INFO
2020-12-16T19:19:49.137847+0200 parsing page 1 of 1... INFO
2020-12-16T19:19:49.995128+0200 we get 2 laptops apple INFO
2020-12-16T19:21:18.180372+0200 parsing page 1 of 1... INFO
2020-12-16T19:21:20.699236+0200 we get 2 laptops apple INFO
2020-12-16T19:21:32.693211+0200 parsing page 1 of 1... INFO
2020-12-16T19:21:33.336045+0200 we get 1 laptops sony INFO
2020-12-16T19:24:49.788943+0200 parsing page 1 of 1... INFO
2020-12-16T19:24:50.370067+0200 we get 1 laptops sony INFO
2020-12-16T19:42:12.803808+0200 parsing page 1 of 1... INFO
2020-12-16T19:42:13.537946+0200 we get 1 laptops sony INFO
2020-12-16T19:44:24.576274+0200 parsing page 1 of 1... INFO
2020-12-16T19:44:25.862834+0200 we get 1 laptops sony INFO
2020-12-16T19:46:13.951277+0200 parsing page 1 of 1... INFO
2020-12-16T19:46:14.671192+0200 we get 1 laptops sony INFO
2020-12-16T19:50:00.699383+0200 parsing page 1 of 1... INFO
2020-12-16T19:50:02.116989+0200 we get 1 laptops sony INFO
2020-12-16T19:50:46.344030+0200 parsing page 1 of 1... INFO
2020-12-16T19:50:46.990522+0200 we get 1 laptops sony INFO
2020-12-16T19:57:45.861124+0200 parsing page 1 of 1... INFO
2020-12-16T19:57:46.370489+0200 we get 1 laptops sony INFO
2020-12-16T19:58:25.600672+0200 parsing page 1 of 1... INFO
2020-12-16T19:58:26.362154+0200 we get 1 laptops sony INFO
2020-12-16T19:58:30.428473+0200 parsing page 1 of 1... INFO
2020-12-16T19:58:30.989493+0200 we get 1 laptops sony INFO
2020-12-16T19:58:38.327647+0200 parsing page 1 of 1... INFO
2020-12-16T19:58:38.942334+0200 we get 1 laptops sony INFO
2020-12-16T19:58:43.042941+0200 parsing page 1 of 1... INFO
2020-12-16T19:58:43.698667+0200 we get 2 laptops apple INFO
2020-12-16T19:58:48.517080+0200 parsing page 1 of 1... INFO
2020-12-16T19:58:50.781342+0200 we get 2 laptops apple INFO
2020-12-16T19:58:55.870367+0200 parsing page 1 of 1... INFO
2020-12-16T19:58:56.483504+0200 we get 1 laptops sony INFO
2020-12-16T19:59:03.104605+0200 parsing page 1 of 1... INFO
2020-12-16T19:59:03.857661+0200 we get 2 laptops apple INFO
2020-12-16T19:59:07.661729+0200 parsing page 1 of 1... INFO
2020-12-16T19:59:08.584544+0200 we get 1 laptops sony INFO
2020-12-16T19:59:14.496461+0200 parsing page 1 of 1... INFO
2020-12-16T19:59:15.141156+0200 we get 2 laptops apple INFO
2020-12-16T19:59:46.655972+0200 parsing page 1 of 7... INFO
2020-12-16T19:59:46.656312+0200 parsing page 2 of 7... INFO
2020-12-16T19:59:46.656488+0200 parsing page 3 of 7... INFO
2020-12-16T19:59:46.656603+0200 parsing page 4 of 7... INFO
2020-12-16T19:59:46.656688+0200 parsing page 5 of 7... INFO
2020-12-16T19:59:46.656761+0200 parsing page 6 of 7... INFO
2020-12-16T19:59:46.656830+0200 parsing page 7 of 7... INFO
2020-12-16T19:59:50.249028+0200 we get 420 laptops acer INFO
2020-12-16T20:00:31.079891+0200 parsing page 1 of 1... INFO
2020-12-16T20:00:32.636572+0200 we get 2 laptops apple INFO
2020-12-16T20:00:38.113760+0200 parsing page 1 of 1... INFO
2020-12-16T20:00:39.317398+0200 we get 1 laptops sony INFO
2020-12-16T20:00:42.185011+0200 parsing page 1 of 1... INFO
2020-12-16T20:00:43.544921+0200 we get 2 laptops apple INFO
2020-12-16T20:00:45.804125+0200 parsing page 1 of 1... INFO
2020-12-16T20:00:46.675682+0200 we get 1 laptops sony INFO
2020-12-16T20:00:50.729214+0200 parsing page 1 of 1... INFO
2020-12-16T20:00:51.543939+0200 we get 2 laptops apple INFO
2020-12-16T20:00:54.430229+0200 parsing page 1 of 1... INFO
2020-12-16T20:00:55.102089+0200 we get 1 laptops sony INFO
2020-12-16T20:00:57.608029+0200 parsing page 1 of 1... INFO
2020-12-16T20:00:58.335212+0200 we get 2 laptops apple INFO
2020-12-16T20:01:10.363426+0200 parsing page 1 of 1... INFO
2020-12-16T20:01:11.237683+0200 we get 2 laptops apple INFO
2020-12-16T20:01:14.727145+0200 parsing page 1 of 1... INFO
2020-12-16T20:01:15.901416+0200 we get 1 laptops sony INFO
2020-12-16T20:01:19.746371+0200 parsing page 1 of 2... INFO
2020-12-16T20:01:19.746741+0200 parsing page 2 of 2... INFO
2020-12-16T20:01:21.519783+0200 we get 60 laptops xiaomi INFO
2020-12-16T20:01:49.928965+0200 parsing page 1 of 1... INFO
2020-12-16T20:01:51.137886+0200 we get 2 laptops apple INFO
2020-12-16T20:01:51.994333+0200 parsing page 1 of 1... INFO
2020-12-16T20:01:52.694962+0200 we get 1 laptops sony INFO
2020-12-16T20:02:29.705614+0200 parsing page 1 of 1... INFO
2020-12-16T20:02:30.538297+0200 we get 2 laptops apple INFO
2020-12-16T20:02:31.236221+0200 parsing page 1 of 1... INFO
2020-12-16T20:02:32.034618+0200 we get 1 laptops sony INFO
2020-12-16T20:06:16.809957+0200 parsing page 1 of 1... INFO
2020-12-16T20:06:17.847729+0200 we get 2 laptops apple INFO
2020-12-16T20:06:53.164570+0200 parsing page 1 of 1... INFO
2020-12-16T20:06:53.938833+0200 we get 2 laptops apple INFO
2020-12-16T20:06:54.800893+0200 parsing page 1 of 1... INFO
2020-12-16T20:06:55.553735+0200 we get 1 laptops sony INFO
2020-12-16T20:08:44.549540+0200 parsing page 1 of 1... INFO
2020-12-16T20:08:45.540222+0200 we get 2 laptops apple INFO
2020-12-16T20:08:52.375971+0200 parsing page 1 of 1... INFO
2020-12-16T20:08:53.627942+0200 we get 1 laptops sony INFO
2020-12-16T20:08:56.047437+0200 parsing page 1 of 2... INFO
2020-12-16T20:08:56.047716+0200 parsing page 2 of 2... INFO
2020-12-16T20:08:57.828824+0200 we get 60 laptops xiaomi INFO
2020-12-16T20:09:39.051782+0200 parsing page 1 of 1... INFO
2020-12-16T20:09:39.719140+0200 we get 2 laptops apple INFO
2020-12-16T20:09:40.632218+0200 parsing page 1 of 1... INFO
2020-12-16T20:09:41.426258+0200 we get 1 laptops sony INFO
2020-12-16T20:12:16.110962+0200 parsing page 1 of 1... INFO
2020-12-16T20:12:16.959331+0200 we get 2 laptops apple INFO
2020-12-16T20:12:20.131841+0200 parsing page 1 of 1... INFO
2020-12-16T20:12:20.908025+0200 we get 1 laptops sony INFO
2020-12-16T20:12:24.216146+0200 parsing page 1 of 2... INFO
2020-12-16T20:12:24.216373+0200 parsing page 2 of 2... INFO
2020-12-16T20:12:25.695043+0200 we get 60 laptops xiaomi INFO
2020-12-16T20:13:07.782809+0200 parsing page 1 of 1... INFO
2020-12-16T20:13:08.614068+0200 we get 2 laptops apple INFO
2020-12-16T20:13:11.594968+0200 parsing page 1 of 1... INFO
2020-12-16T20:13:12.218452+0200 we get 1 laptops sony INFO
2020-12-16T20:13:15.888474+0200 parsing page 1 of 1... INFO
2020-12-16T20:13:16.751311+0200 we get 1 laptops sony INFO
2020-12-16T20:13:25.363974+0200 parsing page 1 of 2... INFO
2020-12-16T20:13:25.364322+0200 parsing page 2 of 2... INFO
2020-12-16T20:13:26.779416+0200 we get 60 laptops xiaomi INFO
2020-12-16T20:13:40.547139+0200 parsing page 1 of 1... INFO
2020-12-16T20:13:41.857067+0200 we get 2 laptops apple INFO
2020-12-16T20:13:51.095616+0200 parsing page 1 of 7... INFO
2020-12-16T20:13:51.095905+0200 parsing page 2 of 7... INFO
2020-12-16T20:13:51.096025+0200 parsing page 3 of 7... INFO
2020-12-16T20:13:51.096121+0200 parsing page 4 of 7... INFO
2020-12-16T20:13:51.096204+0200 parsing page 5 of 7... INFO
2020-12-16T20:13:51.096275+0200 parsing page 6 of 7... INFO
2020-12-16T20:13:51.096343+0200 parsing page 7 of 7... INFO
2020-12-16T20:13:54.839551+0200 we get 420 laptops acer INFO
2020-12-16T20:14:35.597126+0200 parsing page 1 of 1... INFO
2020-12-16T20:14:36.653169+0200 we get 2 laptops apple INFO
2020-12-16T20:14:49.450357+0200 parsing page 1 of 1... INFO
2020-12-16T20:14:50.304208+0200 we get 1 laptops sony INFO
2020-12-16T20:14:59.107482+0200 parsing page 1 of 7... INFO
2020-12-16T20:14:59.108034+0200 parsing page 2 of 7... INFO
2020-12-16T20:14:59.108306+0200 parsing page 3 of 7... INFO
2020-12-16T20:14:59.108486+0200 parsing page 4 of 7... INFO
2020-12-16T20:14:59.108624+0200 parsing page 5 of 7... INFO
2020-12-16T20:14:59.109298+0200 parsing page 6 of 7... INFO
2020-12-16T20:14:59.109612+0200 parsing page 7 of 7... INFO
2020-12-16T20:15:03.901895+0200 we get 420 laptops acer INFO
2020-12-16T20:16:14.953199+0200 parsing page 1 of 9... INFO
2020-12-16T20:16:14.953525+0200 parsing page 2 of 9... INFO
2020-12-16T20:16:14.953638+0200 parsing page 3 of 9... INFO
2020-12-16T20:16:14.953723+0200 parsing page 4 of 9... INFO
2020-12-16T20:16:14.953802+0200 parsing page 5 of 9... INFO
2020-12-16T20:16:14.953874+0200 parsing page 6 of 9... INFO
2020-12-16T20:16:14.953943+0200 parsing page 7 of 9... INFO
2020-12-16T20:16:14.954009+0200 parsing page 8 of 9... INFO
2020-12-16T20:16:14.954080+0200 parsing page 9 of 9... INFO
2020-12-16T20:16:21.180341+0200 we get 531 laptops dell INFO
2020-12-16T20:17:00.997256+0200 parsing page 1 of 1... INFO
2020-12-16T20:17:01.937530+0200 we get 2 laptops apple INFO
2020-12-16T20:18:12.831397+0200 parsing page 1 of 1... INFO
2020-12-16T20:18:13.847614+0200 we get 2 laptops apple INFO
2020-12-16T20:24:17.758665+0200 parsing page 1 of 1... INFO
2020-12-16T20:24:18.594343+0200 we get 2 laptops apple INFO
2020-12-16T20:24:19.508174+0200 parsing page 1 of 1... INFO
2020-12-16T20:24:20.303632+0200 we get 1 laptops sony INFO
2020-12-16T20:25:40.527567+0200 parsing page 1 of 1... INFO
2020-12-16T20:25:41.154111+0200 we get 2 laptops apple INFO
2020-12-16T20:27:00.290907+0200 parsing page 1 of 9... INFO
2020-12-16T20:27:00.291187+0200 parsing page 2 of 9... INFO
2020-12-16T20:27:00.291303+0200 parsing page 3 of 9... INFO
2020-12-16T20:27:00.291424+0200 parsing page 4 of 9... INFO
2020-12-16T20:27:00.291591+0200 parsing page 5 of 9... INFO
2020-12-16T20:27:00.291711+0200 parsing page 6 of 9... INFO
2020-12-16T20:27:00.291790+0200 parsing page 7 of 9... INFO
2020-12-16T20:27:00.291860+0200 parsing page 8 of 9... INFO
2020-12-16T20:27:00.291926+0200 parsing page 9 of 9... INFO
2020-12-16T20:27:05.351262+0200 we get 531 laptops dell INFO
2020-12-16T20:28:28.024652+0200 parsing page 1 of 1... INFO
2020-12-16T20:28:53.112516+0200 parsing page 1 of 1... INFO
2020-12-16T20:29:18.254623+0200 parsing page 1 of 1... INFO
2020-12-16T20:30:11.168377+0200 parsing page 1 of 1... INFO
2020-12-16T20:30:11.947572+0200 we get 2 laptops apple INFO
2020-12-16T20:31:13.921256+0200 parsing page 1 of 1... INFO
2020-12-16T20:31:14.718367+0200 we get 2 laptops apple INFO
2020-12-16T20:32:52.779793+0200 parsing page 1 of 1... INFO
2020-12-16T20:32:53.658441+0200 we get 2 laptops apple INFO
2020-12-16T20:33:28.679116+0200 parsing page 1 of 1... INFO
2020-12-16T20:33:29.375937+0200 we get 2 laptops apple INFO
2020-12-16T20:33:37.113085+0200 parsing page 1 of 1... INFO
2020-12-16T20:33:37.687527+0200 we get 1 laptops sony INFO
2020-12-16T20:40:07.742551+0200 parsing page 1 of 1... INFO
2020-12-16T20:41:08.181533+0200 parsing page 1 of 1... INFO
2020-12-16T20:41:24.251981+0200 parsing page 1 of 1... INFO
2020-12-16T20:43:01.768063+0200 parsing page 1 of 1... INFO
2020-12-16T20:43:02.614410+0200 we get 2 laptops apple INFO
2020-12-16T20:43:45.238281+0200 parsing page 1 of 1... INFO
2020-12-16T20:43:45.956212+0200 we get 1 laptops sony INFO
2020-12-16T20:44:29.109506+0200 parsing page 1 of 1... INFO
2020-12-16T20:45:14.278968+0200 parsing page 1 of 1... INFO
2020-12-16T20:47:17.550800+0200 parsing page 1 of 1... INFO
2020-12-16T20:47:18.211004+0200 we get 1 laptops sony INFO
2020-12-16T20:47:47.918386+0200 parsing page 1 of 1... INFO
2020-12-16T20:47:48.857528+0200 we get 1 laptops sony INFO
2020-12-16T20:55:40.387363+0200 parsing page 1 of 1... INFO
2020-12-16T20:55:41.042971+0200 we get 1 laptops sony INFO
2020-12-16T20:56:31.517133+0200 parsing page 1 of 1... INFO
2020-12-17T19:40:05.273800+0200 parsing page 1 of 1... INFO
2020-12-17T20:18:30.054750+0200 parsing page 1 of 1... INFO
2020-12-17T20:18:30.884560+0200 we get 1 laptops sony INFO
2020-12-17T20:20:49.338571+0200 parsing page 1 of 1... INFO
2020-12-17T20:20:49.999045+0200 we get 1 laptops sony INFO
2020-12-17T20:22:50.181819+0200 parsing page 1 of 1... INFO
2020-12-17T20:22:50.858906+0200 we get 1 laptops sony INFO
2020-12-17T20:26:03.196530+0200 parsing page 1 of 1... INFO
2020-12-17T20:26:03.835643+0200 we get 1 laptops sony INFO
2020-12-17T20:26:47.841353+0200 parsing page 1 of 1... INFO
2020-12-17T20:26:48.740373+0200 we get 1 laptops sony INFO
2020-12-17T20:31:24.999847+0200 parsing page 1 of 1... INFO
2020-12-17T20:31:25.971260+0200 we get 1 laptops sony INFO
2020-12-17T20:31:41.878837+0200 parsing page 1 of 1... INFO
2020-12-17T20:31:42.461103+0200 we get 1 laptops sony INFO
2020-12-17T20:33:28.250922+0200 parsing page 1 of 1... INFO
2020-12-17T20:33:28.903924+0200 we get 1 laptops sony INFO
2020-12-17T20:35:36.796895+0200 parsing page 1 of 1... INFO
2020-12-17T20:35:38.058768+0200 we get 2 laptops apple INFO
2020-12-17T20:56:20.509313+0200 parsing page 1 of 1... INFO
2020-12-17T20:56:21.390820+0200 we get 2 laptops apple INFO
2020-12-17T20:56:28.408875+0200 parsing page 1 of 3... INFO
2020-12-17T20:56:28.409208+0200 parsing page 2 of 3... INFO
2020-12-17T20:56:28.409354+0200 parsing page 3 of 3... INFO
2020-12-17T20:56:30.192505+0200 we get 180 laptops microsoft INFO
2020-12-17T20:57:39.988582+0200 parsing page 1 of 1... INFO
2020-12-17T20:57:40.763479+0200 we get 1 laptops sony INFO
2020-12-17T21:06:46.154751+0200 parsing page 1 of 1... INFO
2020-12-17T21:06:46.802757+0200 we get 2 laptops apple INFO
2020-12-17T21:11:16.343119+0200 parsing page 1 of 1... INFO
2020-12-17T21:11:17.441823+0200 we get 2 laptops apple INFO
2020-12-17T21:31:56.200433+0200 parsing page 1 of 1... INFO
2020-12-17T21:31:57.255190+0200 we get 2 laptops apple INFO
2020-12-17T21:32:01.409226+0200 parsing page 1 of 1... INFO
2020-12-17T21:32:02.048652+0200 we get 1 laptops sony INFO
2020-12-17T22:24:15.407128+0200 parsing page 1 of 1... INFO
2020-12-17T22:24:16.100976+0200 we get 2 laptops apple INFO
2020-12-17T22:24:22.192020+0200 parsing page 1 of 1... INFO
2020-12-17T22:24:22.769304+0200 we get 1 laptops sony INFO
2020-12-17T22:29:34.021994+0200 parsing page 1 of 1... INFO
2020-12-17T22:29:34.897291+0200 we get 2 laptops apple INFO
2020-12-17T22:30:17.536646+0200 parsing page 1 of 1... INFO
2020-12-17T22:30:18.574410+0200 we get 2 laptops apple INFO
2020-12-17T22:30:22.420512+0200 parsing page 1 of 1... INFO
2020-12-17T22:30:23.379369+0200 we get 1 laptops sony INFO
2020-12-17T22:32:04.829662+0200 parsing page 1 of 1... DEBUG
2020-12-17T22:32:05.838178+0200 we get 2 laptops apple DEBUG
2020-12-17T22:44:21.367075+0200 parsing page 1 of 1... DEBUG
2020-12-17T22:44:22.115682+0200 we get 2 laptops apple DEBUG
2020-12-17T22:44:27.775932+0200 parsing page 1 of 1... DEBUG
2020-12-17T22:44:28.396996+0200 we get 1 laptops sony DEBUG
2020-12-20T18:22:49.735949+0200 parsing page 1 of 1... DEBUG
2020-12-20T18:22:51.056676+0200 we get 2 laptops apple DEBUG
2020-12-20T18:25:01.109357+0200 parsing page 1 of 1... DEBUG
2020-12-20T18:25:01.857034+0200 we get 1 laptops sony DEBUG
2020-12-20T18:25:17.989361+0200 parsing page 1 of 7... DEBUG
2020-12-20T18:25:17.989735+0200 parsing page 2 of 7... DEBUG
2020-12-20T18:25:17.989833+0200 parsing page 3 of 7... DEBUG
2020-12-20T18:25:17.989909+0200 parsing page 4 of 7... DEBUG
2020-12-20T18:25:17.990045+0200 parsing page 5 of 7... DEBUG
2020-12-20T18:25:17.990118+0200 parsing page 6 of 7... DEBUG
2020-12-20T18:25:17.990489+0200 parsing page 7 of 7... DEBUG
2020-12-20T18:25:23.018704+0200 we get 413 laptops acer DEBUG
2020-12-20T18:27:55.672614+0200 parsing page 1 of 1... DEBUG
2020-12-20T18:27:56.923764+0200 we get 2 laptops apple DEBUG
2020-12-20T18:28:02.780720+0200 parsing page 1 of 34... DEBUG
2020-12-20T18:28:02.780978+0200 parsing page 2 of 34... DEBUG
2020-12-20T18:28:02.781074+0200 parsing page 3 of 34... DEBUG
2020-12-20T18:28:02.781149+0200 parsing page 4 of 34... DEBUG
2020-12-20T18:28:02.781219+0200 parsing page 5 of 34... DEBUG
2020-12-20T18:28:02.781287+0200 parsing page 6 of 34... DEBUG
2020-12-20T18:28:02.781355+0200 parsing page 7 of 34... DEBUG
2020-12-20T18:28:02.781425+0200 parsing page 8 of 34... DEBUG
2020-12-20T18:28:02.781496+0200 parsing page 9 of 34... DEBUG
2020-12-20T18:28:02.781569+0200 parsing page 10 of 34... DEBUG
2020-12-20T18:28:02.781634+0200 parsing page 11 of 34... DEBUG
2020-12-20T18:28:02.781698+0200 parsing page 12 of 34... DEBUG
2020-12-20T18:28:02.781813+0200 parsing page 13 of 34... DEBUG
2020-12-20T18:28:02.781895+0200 parsing page 14 of 34... DEBUG
2020-12-20T18:28:02.781960+0200 parsing page 15 of 34... DEBUG
2020-12-20T18:28:02.782024+0200 parsing page 16 of 34... DEBUG
2020-12-20T18:28:02.782087+0200 parsing page 17 of 34... DEBUG
2020-12-20T18:28:02.782151+0200 parsing page 18 of 34... DEBUG
2020-12-20T18:28:02.782215+0200 parsing page 19 of 34... DEBUG
2020-12-20T18:28:02.782282+0200 parsing page 20 of 34... DEBUG
2020-12-20T18:28:02.782394+0200 parsing page 21 of 34... DEBUG
2020-12-20T18:28:02.782459+0200 parsing page 22 of 34... DEBUG
2020-12-20T18:28:02.782522+0200 parsing page 23 of 34... DEBUG
2020-12-20T18:28:02.782586+0200 parsing page 24 of 34... DEBUG
2020-12-20T18:28:02.782649+0200 parsing page 25 of 34... DEBUG
2020-12-20T18:28:02.782712+0200 parsing page 26 of 34... DEBUG
2020-12-20T18:28:02.782799+0200 parsing page 27 of 34... DEBUG
2020-12-20T18:28:02.782870+0200 parsing page 28 of 34... DEBUG
2020-12-20T18:28:02.782934+0200 parsing page 29 of 34... DEBUG
2020-12-20T18:28:02.782996+0200 parsing page 30 of 34... DEBUG
2020-12-20T18:28:02.783059+0200 parsing page 31 of 34... DEBUG
2020-12-20T18:28:02.783122+0200 parsing page 32 of 34... DEBUG
2020-12-20T18:28:02.783186+0200 parsing page 33 of 34... DEBUG
2020-12-20T18:28:02.783249+0200 parsing page 34 of 34... DEBUG
2020-12-20T18:40:48.704856+0200 parsing page 1 of 1... DEBUG
2020-12-20T18:40:49.573875+0200 we get 1 laptops sony DEBUG
2020-12-20T18:41:53.896293+0200 parsing page 1 of 1... DEBUG
2020-12-20T18:41:54.578382+0200 we get 1 laptops sony DEBUG
